Determining if the pthread_create exist failed with the following output:
Change Dir: /home/engineer/precision1/build/CMakeFiles/CMakeTmp

Run Build Command:"/usr/bin/make" "cmTC_7aea5/fast"
/usr/bin/make -f CMakeFiles/cmTC_7aea5.dir/build.make CMakeFiles/cmTC_7aea5.dir/build
make[1]: Entering directory '/home/engineer/precision1/build/CMakeFiles/CMakeTmp'
Building C object CMakeFiles/cmTC_7aea5.dir/CheckSymbolExists.c.o
/usr/bin/cc    -o CMakeFiles/cmTC_7aea5.dir/CheckSymbolExists.c.o   -c /home/engineer/precision1/build/CMakeFiles/CMakeTmp/CheckSymbolExists.c
Linking C executable cmTC_7aea5
/usr/bin/cmake -E cmake_link_script CMakeFiles/cmTC_7aea5.dir/link.txt --verbose=1
/usr/bin/cc      -rdynamic CMakeFiles/cmTC_7aea5.dir/CheckSymbolExists.c.o  -o cmTC_7aea5 
/usr/bin/ld: CMakeFiles/cmTC_7aea5.dir/CheckSymbolExists.c.o: in function `main':
CheckSymbolExists.c:(.text+0x38): undefined reference to `pthread_create'
collect2: error: ld returned 1 exit status
make[1]: *** [CMakeFiles/cmTC_7aea5.dir/build.make:87: cmTC_7aea5] Error 1
make[1]: Leaving directory '/home/engineer/precision1/build/CMakeFiles/CMakeTmp'
make: *** [Makefile:121: cmTC_7aea5/fast] Error 2

File /home/engineer/precision1/build/CMakeFiles/CMakeTmp/CheckSymbolExists.c:
/* */
#include <pthread.h>

int main(int argc, char** argv)
{
  (void)argv;
#ifndef pthread_create
  return ((int*)(&pthread_create))[argc];
#else
  (void)argc;
  return 0;
#endif
}

Determining if the function pthread_create exists in the pthreads failed with the following output:
Change Dir: /home/engineer/precision1/build/CMakeFiles/CMakeTmp

Run Build Command:"/usr/bin/make" "cmTC_4a308/fast"
/usr/bin/make -f CMakeFiles/cmTC_4a308.dir/build.make CMakeFiles/cmTC_4a308.dir/build
make[1]: Entering directory '/home/engineer/precision1/build/CMakeFiles/CMakeTmp'
Building C object CMakeFiles/cmTC_4a308.dir/CheckFunctionExists.c.o
/usr/bin/cc   -DCHECK_FUNCTION_EXISTS=pthread_create   -o CMakeFiles/cmTC_4a308.dir/CheckFunctionExists.c.o   -c /usr/share/cmake-3.13/Modules/CheckFunctionExists.c
Linking C executable cmTC_4a308
/usr/bin/cmake -E cmake_link_script CMakeFiles/cmTC_4a308.dir/link.txt --verbose=1
/usr/bin/cc  -DCHECK_FUNCTION_EXISTS=pthread_create    -rdynamic CMakeFiles/cmTC_4a308.dir/CheckFunctionExists.c.o  -o cmTC_4a308 -lpthreads 
/usr/bin/ld: cannot find -lpthreads
collect2: error: ld returned 1 exit status
make[1]: *** [CMakeFiles/cmTC_4a308.dir/build.make:87: cmTC_4a308] Error 1
make[1]: Leaving directory '/home/engineer/precision1/build/CMakeFiles/CMakeTmp'
make: *** [Makefile:121: cmTC_4a308/fast] Error 2


